  [1m[35m (1.8ms)[0m  [1m[35mSET NAMES utf8,  @@SESSION.sql_mode = CONCAT(CONCAT(@@sql_mode, ',STRICT_ALL_TABLES'), ',NO_AUTO_VALUE_ON_ZERO'),  @@SESSION.sql_auto_is_null = 0, @@SESSION.wait_timeout = 2147483[0m
  [1m[35m (27.1ms)[0m  [1m[35mCREATE TABLE `schema_migrations` (`version` varchar(255) NOT NULL PRIMARY KEY) ENGINE=InnoDB[0m
  [1m[35m (9.4ms)[0m  [1m[35mCREATE TABLE `ar_internal_metadata` (`key` varchar(255) NOT NULL PRIMARY KEY, `value` varchar(255), `created_at` datetime NOT NULL, `updated_at` datetime NOT NULL) ENGINE=InnoDB[0m
  [1m[35m (0.2ms)[0m  [1m[34mSELECT DATABASE() as db[0m
  [1m[35m (0.2ms)[0m  [1m[34mSELECT GET_LOCK(6820089222326863455, 0)[0m
  [1m[35m (0.3ms)[0m  [1m[34mSELECT `schema_migrations`.`version` FROM `schema_migrations` ORDER BY `schema_migrations`.`version` ASC[0m
Migrating to InitTables (0)
  [1m[35m (0.4ms)[0m  [1m[34mSELECT RELEASE_LOCK(6820089222326863455)[0m
  [1m[35m (0.3ms)[0m  [1m[35mSET NAMES utf8,  @@SESSION.sql_mode = CONCAT(CONCAT(@@sql_mode, ',STRICT_ALL_TABLES'), ',NO_AUTO_VALUE_ON_ZERO'),  @@SESSION.sql_auto_is_null = 0, @@SESSION.wait_timeout = 2147483[0m
  [1m[35m (0.2ms)[0m  [1m[34mSELECT DATABASE() as db[0m
  [1m[35m (0.2ms)[0m  [1m[34mSELECT GET_LOCK(6820089222326863455, 0)[0m
  [1m[35m (0.3ms)[0m  [1m[34mSELECT `schema_migrations`.`version` FROM `schema_migrations` ORDER BY `schema_migrations`.`version` ASC[0m
Migrating to InitTables (0)
  [1m[35m (0.2ms)[0m  [1m[34mSELECT RELEASE_LOCK(6820089222326863455)[0m
Started GET "/Pet/1.0.1" for 127.0.0.1 at 2017-11-20 09:41:20 +1100
  
ActionController::RoutingError (No route matches [GET] "/Pet/1.0.1"):
  
actionpack (5.1.0.rc2) lib/action_dispatch/middleware/debug_exceptions.rb:63:in `call'
actionpack (5.1.0.rc2) lib/action_dispatch/middleware/show_exceptions.rb:31:in `call'
railties (5.1.0.rc2) lib/rails/rack/logger.rb:36:in `call_app'
railties (5.1.0.rc2) lib/rails/rack/logger.rb:24:in `block in call'
activesupport (5.1.0.rc2) lib/active_support/tagged_logging.rb:69:in `block in tagged'
activesupport (5.1.0.rc2) lib/active_support/tagged_logging.rb:26:in `tagged'
activesupport (5.1.0.rc2) lib/active_support/tagged_logging.rb:69:in `tagged'
railties (5.1.0.rc2) lib/rails/rack/logger.rb:24:in `call'
actionpack (5.1.0.rc2) lib/action_dispatch/middleware/remote_ip.rb:79:in `call'
actionpack (5.1.0.rc2) lib/action_dispatch/middleware/request_id.rb:25:in `call'
rack (2.0.3) lib/rack/runtime.rb:22:in `call'
activesupport (5.1.0.rc2) lib/active_support/cache/strategy/local_cache_middleware.rb:27:in `call'
actionpack (5.1.0.rc2) lib/action_dispatch/middleware/executor.rb:12:in `call'
actionpack (5.1.0.rc2) lib/action_dispatch/middleware/static.rb:125:in `call'
rack (2.0.3) lib/rack/sendfile.rb:111:in `call'
railties (5.1.0.rc2) lib/rails/engine.rb:522:in `call'
puma (3.10.0) lib/puma/configuration.rb:225:in `call'
puma (3.10.0) lib/puma/server.rb:605:in `handle_request'
puma (3.10.0) lib/puma/server.rb:437:in `process_client'
puma (3.10.0) lib/puma/server.rb:301:in `block in run'
puma (3.10.0) lib/puma/thread_pool.rb:120:in `block in spawn_thread'
Started GET "/Pet/1.0.1/pets" for 127.0.0.1 at 2017-11-20 09:41:31 +1100
  
ActionController::RoutingError (uninitialized constant DefaultController):
  
activesupport (5.1.0.rc2) lib/active_support/inflector/methods.rb:269:in `const_get'
activesupport (5.1.0.rc2) lib/active_support/inflector/methods.rb:269:in `block in constantize'
activesupport (5.1.0.rc2) lib/active_support/inflector/methods.rb:267:in `each'
activesupport (5.1.0.rc2) lib/active_support/inflector/methods.rb:267:in `inject'
activesupport (5.1.0.rc2) lib/active_support/inflector/methods.rb:267:in `constantize'
actionpack (5.1.0.rc2) lib/action_dispatch/http/request.rb:82:in `controller_class'
actionpack (5.1.0.rc2) lib/action_dispatch/routing/route_set.rb:43:in `controller'
actionpack (5.1.0.rc2) lib/action_dispatch/routing/route_set.rb:29:in `serve'
actionpack (5.1.0.rc2) lib/action_dispatch/journey/router.rb:46:in `block in serve'
actionpack (5.1.0.rc2) lib/action_dispatch/journey/router.rb:33:in `each'
actionpack (5.1.0.rc2) lib/action_dispatch/journey/router.rb:33:in `serve'
actionpack (5.1.0.rc2) lib/action_dispatch/routing/route_set.rb:832:in `call'
rack (2.0.3) lib/rack/etag.rb:25:in `call'
rack (2.0.3) lib/rack/conditional_get.rb:25:in `call'
rack (2.0.3) lib/rack/head.rb:12:in `call'
actionpack (5.1.0.rc2) lib/action_dispatch/middleware/callbacks.rb:26:in `block in call'
activesupport (5.1.0.rc2) lib/active_support/callbacks.rb:97:in `run_callbacks'
actionpack (5.1.0.rc2) lib/action_dispatch/middleware/callbacks.rb:24:in `call'
actionpack (5.1.0.rc2) lib/action_dispatch/middleware/executor.rb:12:in `call'
actionpack (5.1.0.rc2) lib/action_dispatch/middleware/debug_exceptions.rb:59:in `call'
actionpack (5.1.0.rc2) lib/action_dispatch/middleware/show_exceptions.rb:31:in `call'
railties (5.1.0.rc2) lib/rails/rack/logger.rb:36:in `call_app'
railties (5.1.0.rc2) lib/rails/rack/logger.rb:24:in `block in call'
activesupport (5.1.0.rc2) lib/active_support/tagged_logging.rb:69:in `block in tagged'
activesupport (5.1.0.rc2) lib/active_support/tagged_logging.rb:26:in `tagged'
activesupport (5.1.0.rc2) lib/active_support/tagged_logging.rb:69:in `tagged'
railties (5.1.0.rc2) lib/rails/rack/logger.rb:24:in `call'
actionpack (5.1.0.rc2) lib/action_dispatch/middleware/remote_ip.rb:79:in `call'
actionpack (5.1.0.rc2) lib/action_dispatch/middleware/request_id.rb:25:in `call'
rack (2.0.3) lib/rack/runtime.rb:22:in `call'
activesupport (5.1.0.rc2) lib/active_support/cache/strategy/local_cache_middleware.rb:27:in `call'
actionpack (5.1.0.rc2) lib/action_dispatch/middleware/executor.rb:12:in `call'
actionpack (5.1.0.rc2) lib/action_dispatch/middleware/static.rb:125:in `call'
rack (2.0.3) lib/rack/sendfile.rb:111:in `call'
railties (5.1.0.rc2) lib/rails/engine.rb:522:in `call'
puma (3.10.0) lib/puma/configuration.rb:225:in `call'
puma (3.10.0) lib/puma/server.rb:605:in `handle_request'
puma (3.10.0) lib/puma/server.rb:437:in `process_client'
puma (3.10.0) lib/puma/server.rb:301:in `block in run'
puma (3.10.0) lib/puma/thread_pool.rb:120:in `block in spawn_thread'
Started GET "/Pet/1.0.1/pets" for 127.0.0.1 at 2017-11-20 09:44:25 +1100
  
ActionController::RoutingError (uninitialized constant DefaultController):
  
activesupport (5.1.0.rc2) lib/active_support/inflector/methods.rb:269:in `const_get'
activesupport (5.1.0.rc2) lib/active_support/inflector/methods.rb:269:in `block in constantize'
activesupport (5.1.0.rc2) lib/active_support/inflector/methods.rb:267:in `each'
activesupport (5.1.0.rc2) lib/active_support/inflector/methods.rb:267:in `inject'
activesupport (5.1.0.rc2) lib/active_support/inflector/methods.rb:267:in `constantize'
actionpack (5.1.0.rc2) lib/action_dispatch/http/request.rb:82:in `controller_class'
actionpack (5.1.0.rc2) lib/action_dispatch/routing/route_set.rb:43:in `controller'
actionpack (5.1.0.rc2) lib/action_dispatch/routing/route_set.rb:29:in `serve'
actionpack (5.1.0.rc2) lib/action_dispatch/journey/router.rb:46:in `block in serve'
actionpack (5.1.0.rc2) lib/action_dispatch/journey/router.rb:33:in `each'
actionpack (5.1.0.rc2) lib/action_dispatch/journey/router.rb:33:in `serve'
actionpack (5.1.0.rc2) lib/action_dispatch/routing/route_set.rb:832:in `call'
rack (2.0.3) lib/rack/etag.rb:25:in `call'
rack (2.0.3) lib/rack/conditional_get.rb:25:in `call'
rack (2.0.3) lib/rack/head.rb:12:in `call'
actionpack (5.1.0.rc2) lib/action_dispatch/middleware/callbacks.rb:26:in `block in call'
activesupport (5.1.0.rc2) lib/active_support/callbacks.rb:97:in `run_callbacks'
actionpack (5.1.0.rc2) lib/action_dispatch/middleware/callbacks.rb:24:in `call'
actionpack (5.1.0.rc2) lib/action_dispatch/middleware/executor.rb:12:in `call'
actionpack (5.1.0.rc2) lib/action_dispatch/middleware/debug_exceptions.rb:59:in `call'
actionpack (5.1.0.rc2) lib/action_dispatch/middleware/show_exceptions.rb:31:in `call'
railties (5.1.0.rc2) lib/rails/rack/logger.rb:36:in `call_app'
railties (5.1.0.rc2) lib/rails/rack/logger.rb:24:in `block in call'
activesupport (5.1.0.rc2) lib/active_support/tagged_logging.rb:69:in `block in tagged'
activesupport (5.1.0.rc2) lib/active_support/tagged_logging.rb:26:in `tagged'
activesupport (5.1.0.rc2) lib/active_support/tagged_logging.rb:69:in `tagged'
railties (5.1.0.rc2) lib/rails/rack/logger.rb:24:in `call'
actionpack (5.1.0.rc2) lib/action_dispatch/middleware/remote_ip.rb:79:in `call'
actionpack (5.1.0.rc2) lib/action_dispatch/middleware/request_id.rb:25:in `call'
rack (2.0.3) lib/rack/runtime.rb:22:in `call'
activesupport (5.1.0.rc2) lib/active_support/cache/strategy/local_cache_middleware.rb:27:in `call'
actionpack (5.1.0.rc2) lib/action_dispatch/middleware/executor.rb:12:in `call'
actionpack (5.1.0.rc2) lib/action_dispatch/middleware/static.rb:125:in `call'
rack (2.0.3) lib/rack/sendfile.rb:111:in `call'
railties (5.1.0.rc2) lib/rails/engine.rb:522:in `call'
puma (3.10.0) lib/puma/configuration.rb:225:in `call'
puma (3.10.0) lib/puma/server.rb:605:in `handle_request'
puma (3.10.0) lib/puma/server.rb:437:in `process_client'
puma (3.10.0) lib/puma/server.rb:301:in `block in run'
puma (3.10.0) lib/puma/thread_pool.rb:120:in `block in spawn_thread'
Started GET "/Pet/1.0.1/pets" for 127.0.0.1 at 2017-11-20 09:45:58 +1100
Processing by DefaultController#list_pets as */*
Completed 200 OK in 160ms (Views: 0.3ms)


Started POST "/Pet/1.0.1/pets" for 127.0.0.1 at 2017-11-20 10:38:19 +1100
Processing by DefaultController#pets_post as */*
Completed 200 OK in 0ms (Views: 0.1ms)


